Build started 12/15/2024 12:24:40 PM.
     1>Project "C:\Users\yamen\OneDrive\Desktop\بيانيات\graphic_task\final task\FourthProject\FourthProject.vcxproj" on node 2 (Build target(s)).
     1>ClCompile:
         C:\Program Files (x86)\Microsoft Visual Studio 11.0\VC\bin\CL.exe /c /ZI /nologo /W3 /WX- /Od /Oy- /D _MBCS /Gm /EHsc /RTC1 /MDd /GS /fp:precise /Zc:wchar_t /Zc:forScope /Fo"Debug\\" /Fd"Debug\vc110.pdb" /Gd /TP /analyze- /errorReport:prompt Source.cpp
         Source.cpp
     1>c:\users\yamen\onedrive\desktop\بيانيات\graphic_task\final task\fourthproject\source.cpp(333): warning C4996: 'freopen': This function or variable may be unsafe. Consider using freopen_s instead. To disable deprecation, use _CRT_SECURE_NO_WARNINGS. See online help for details.
                 c:\program files (x86)\microsoft visual studio 11.0\vc\include\stdio.h(233) : see declaration of 'freopen'
     1>c:\users\yamen\onedrive\desktop\بيانيات\graphic_task\final task\fourthproject\source.cpp(334): warning C4996: 'freopen': This function or variable may be unsafe. Consider using freopen_s instead. To disable deprecation, use _CRT_SECURE_NO_WARNINGS. See online help for details.
                 c:\program files (x86)\microsoft visual studio 11.0\vc\include\stdio.h(233) : see declaration of 'freopen'
       Link:
         C:\Program Files (x86)\Microsoft Visual Studio 11.0\VC\bin\link.exe /ERRORREPORT:PROMPT /OUT:"C:\Users\yamen\OneDrive\Desktop\بيانيات\graphic_task\final task\Debug\Tasks.exe" /INCREMENTAL /NOLOGO GLAUX.lib GLU32.lib glut.lib OPENGL32.lib glut32.lib kernel32.lib user32.lib gdi32.lib winspool.lib comdlg32.lib advapi32.lib shell32.lib ole32.lib oleaut32.lib uuid.lib odbc32.lib odbccp32.lib /MANIFEST /MANIFESTUAC:"level='asInvoker' uiAccess='false'" /manifest:embed /DEBUG /PDB:"C:\Users\yamen\OneDrive\Desktop\بيانيات\graphic_task\final task\Debug\Tasks.pdb" /TLBID:1 /DYNAMICBASE /NXCOMPAT /IMPLIB:"C:\Users\yamen\OneDrive\Desktop\بيانيات\graphic_task\final task\Debug\Tasks.lib" /MACHINE:X86 Debug\camera.obj
         Debug\comedina.obj
         Debug\fridge.obj
         Debug\microwave.obj
         Debug\myPolygon.obj
         Debug\myTexture.obj
         Debug\ovenTable.obj
         Debug\parallelRectangle.obj
         Debug\roomWalls.obj
         Debug\Source.obj
         Debug\table.obj
         Debug\texture.obj
         Debug\wardrobe.obj
         FourthProject.vcxproj -> C:\Users\yamen\OneDrive\Desktop\بيانيات\graphic_task\final task\Debug\Tasks.exe
     1>Done Building Project "C:\Users\yamen\OneDrive\Desktop\بيانيات\graphic_task\final task\FourthProject\FourthProject.vcxproj" (Build target(s)).

Build succeeded.

Time Elapsed 00:00:01.58
